  Pacman.cpp
C:\Program Files (x86)\Microsoft Visual Studio\2019\Professional\VC\Tools\MSVC\14.23.28105\include\vector(1706,1): warning C4251: 'std::vector<S2D::Input::Keys,std::allocator<_Ty>>::_Mypair': class 'std::_Compressed_pair<std::allocator<_Ty>,std::_Vector_val<std::_Simple_types<_Ty>>,true>' needs to have dll-interface to be used by clients of class 'std::vector<S2D::Input::Keys,std::allocator<_Ty>>'
C:\Program Files (x86)\Microsoft Visual Studio\2019\Professional\VC\Tools\MSVC\14.23.28105\include\vector(1706,1): warning C4251:         with
C:\Program Files (x86)\Microsoft Visual Studio\2019\Professional\VC\Tools\MSVC\14.23.28105\include\vector(1706,1): warning C4251:         [
C:\Program Files (x86)\Microsoft Visual Studio\2019\Professional\VC\Tools\MSVC\14.23.28105\include\vector(1706,1): warning C4251:             _Ty=S2D::Input::Keys
C:\Program Files (x86)\Microsoft Visual Studio\2019\Professional\VC\Tools\MSVC\14.23.28105\include\vector(1706,1): warning C4251:         ]
C:\Program Files (x86)\Microsoft Visual Studio\2019\Professional\VC\Tools\MSVC\14.23.28105\include\vector(1706): message : see declaration of 'std::_Compressed_pair<std::allocator<_Ty>,std::_Vector_val<std::_Simple_types<_Ty>>,true>'
C:\Program Files (x86)\Microsoft Visual Studio\2019\Professional\VC\Tools\MSVC\14.23.28105\include\vector(1706): message :         with
C:\Program Files (x86)\Microsoft Visual Studio\2019\Professional\VC\Tools\MSVC\14.23.28105\include\vector(1706): message :         [
C:\Program Files (x86)\Microsoft Visual Studio\2019\Professional\VC\Tools\MSVC\14.23.28105\include\vector(1706): message :             _Ty=S2D::Input::Keys
C:\Program Files (x86)\Microsoft Visual Studio\2019\Professional\VC\Tools\MSVC\14.23.28105\include\vector(1706): message :         ]
C:\Users\Thoma\Downloads\PacmanFramework(S2Dv1.5)(1)\PacmanFramework(S2Dv1.5)\Pacman\Pacman\S2D\Input.h(108): message : see reference to class template instantiation 'std::vector<S2D::Input::Keys,std::allocator<_Ty>>' being compiled
C:\Users\Thoma\Downloads\PacmanFramework(S2Dv1.5)(1)\PacmanFramework(S2Dv1.5)\Pacman\Pacman\S2D\Input.h(108): message :         with
C:\Users\Thoma\Downloads\PacmanFramework(S2Dv1.5)(1)\PacmanFramework(S2Dv1.5)\Pacman\Pacman\S2D\Input.h(108): message :         [
C:\Users\Thoma\Downloads\PacmanFramework(S2Dv1.5)(1)\PacmanFramework(S2Dv1.5)\Pacman\Pacman\S2D\Input.h(108): message :             _Ty=S2D::Input::Keys
C:\Users\Thoma\Downloads\PacmanFramework(S2Dv1.5)(1)\PacmanFramework(S2Dv1.5)\Pacman\Pacman\S2D\Input.h(108): message :         ]
C:\Users\Thoma\Downloads\PacmanFramework(S2Dv1.5)(1)\PacmanFramework(S2Dv1.5)\Pacman\Pacman\Pacman.cpp(97,81): warning C4244: '=': conversion from 'int' to 'float', possible loss of data
C:\Users\Thoma\Downloads\PacmanFramework(S2Dv1.5)(1)\PacmanFramework(S2Dv1.5)\Pacman\Pacman\Pacman.cpp(98,82): warning C4244: '=': conversion from 'int' to 'float', possible loss of data
C:\Users\Thoma\Downloads\PacmanFramework(S2Dv1.5)(1)\PacmanFramework(S2Dv1.5)\Pacman\Pacman\Pacman.cpp(105,81): warning C4244: '=': conversion from 'int' to 'float', possible loss of data
C:\Users\Thoma\Downloads\PacmanFramework(S2Dv1.5)(1)\PacmanFramework(S2Dv1.5)\Pacman\Pacman\Pacman.cpp(106,82): warning C4244: '=': conversion from 'int' to 'float', possible loss of data
C:\Users\Thoma\Downloads\PacmanFramework(S2Dv1.5)(1)\PacmanFramework(S2Dv1.5)\Pacman\Pacman\Pacman.cpp(113,82): warning C4244: '=': conversion from 'int' to 'float', possible loss of data
C:\Users\Thoma\Downloads\PacmanFramework(S2Dv1.5)(1)\PacmanFramework(S2Dv1.5)\Pacman\Pacman\Pacman.cpp(114,81): warning C4244: '=': conversion from 'int' to 'float', possible loss of data
C:\Users\Thoma\Downloads\PacmanFramework(S2Dv1.5)(1)\PacmanFramework(S2Dv1.5)\Pacman\Pacman\Pacman.cpp(121,82): warning C4244: '=': conversion from 'int' to 'float', possible loss of data
C:\Users\Thoma\Downloads\PacmanFramework(S2Dv1.5)(1)\PacmanFramework(S2Dv1.5)\Pacman\Pacman\Pacman.cpp(122,81): warning C4244: '=': conversion from 'int' to 'float', possible loss of data
  main.cpp
C:\Users\Thoma\Downloads\PacmanFramework(S2Dv1.5)(1)\PacmanFramework(S2Dv1.5)\Pacman\Pacman\Pacman.cpp(145,113): warning C4244: 'argument': conversion from 'int' to 'float', possible loss of data
C:\Program Files (x86)\Microsoft Visual Studio\2019\Professional\VC\Tools\MSVC\14.23.28105\include\vector(1706,1): warning C4251: 'std::vector<S2D::Input::Keys,std::allocator<_Ty>>::_Mypair': class 'std::_Compressed_pair<std::allocator<_Ty>,std::_Vector_val<std::_Simple_types<_Ty>>,true>' needs to have dll-interface to be used by clients of class 'std::vector<S2D::Input::Keys,std::allocator<_Ty>>'
C:\Program Files (x86)\Microsoft Visual Studio\2019\Professional\VC\Tools\MSVC\14.23.28105\include\vector(1706,1): warning C4251:         with
C:\Program Files (x86)\Microsoft Visual Studio\2019\Professional\VC\Tools\MSVC\14.23.28105\include\vector(1706,1): warning C4251:         [
C:\Program Files (x86)\Microsoft Visual Studio\2019\Professional\VC\Tools\MSVC\14.23.28105\include\vector(1706,1): warning C4251:             _Ty=S2D::Input::Keys
C:\Program Files (x86)\Microsoft Visual Studio\2019\Professional\VC\Tools\MSVC\14.23.28105\include\vector(1706,1): warning C4251:         ]
C:\Program Files (x86)\Microsoft Visual Studio\2019\Professional\VC\Tools\MSVC\14.23.28105\include\vector(1706): message : see declaration of 'std::_Compressed_pair<std::allocator<_Ty>,std::_Vector_val<std::_Simple_types<_Ty>>,true>'
C:\Program Files (x86)\Microsoft Visual Studio\2019\Professional\VC\Tools\MSVC\14.23.28105\include\vector(1706): message :         with
C:\Program Files (x86)\Microsoft Visual Studio\2019\Professional\VC\Tools\MSVC\14.23.28105\include\vector(1706): message :         [
C:\Program Files (x86)\Microsoft Visual Studio\2019\Professional\VC\Tools\MSVC\14.23.28105\include\vector(1706): message :             _Ty=S2D::Input::Keys
C:\Program Files (x86)\Microsoft Visual Studio\2019\Professional\VC\Tools\MSVC\14.23.28105\include\vector(1706): message :         ]
  Generating Code...
C:\Users\Thoma\Downloads\PacmanFramework(S2Dv1.5)(1)\PacmanFramework(S2Dv1.5)\Pacman\Pacman\S2D\Input.h(108): message : see reference to class template instantiation 'std::vector<S2D::Input::Keys,std::allocator<_Ty>>' being compiled
C:\Users\Thoma\Downloads\PacmanFramework(S2Dv1.5)(1)\PacmanFramework(S2Dv1.5)\Pacman\Pacman\S2D\Input.h(108): message :         with
C:\Users\Thoma\Downloads\PacmanFramework(S2Dv1.5)(1)\PacmanFramework(S2Dv1.5)\Pacman\Pacman\S2D\Input.h(108): message :         [
C:\Users\Thoma\Downloads\PacmanFramework(S2Dv1.5)(1)\PacmanFramework(S2Dv1.5)\Pacman\Pacman\S2D\Input.h(108): message :             _Ty=S2D::Input::Keys
C:\Users\Thoma\Downloads\PacmanFramework(S2Dv1.5)(1)\PacmanFramework(S2Dv1.5)\Pacman\Pacman\S2D\Input.h(108): message :         ]
Pacman.obj : error LNK2005: "struct player * _pacmanStruct" (?_pacmanStruct@@3PAUplayer@@A) already defined in main.obj
Pacman.obj : error LNK2005: "struct Menu * _Menus" (?_Menus@@3PAUMenu@@A) already defined in main.obj
C:\Users\Thoma\Downloads\PacmanFramework(S2Dv1.5)(1)\PacmanFramework(S2Dv1.5)\Pacman\Debug\Pacman.exe : fatal error LNK1169: one or more multiply defined symbols found
